2023.10.18 21:05:58: Loaded teachers
2023.10.18 21:05:58: Loaded classes
2023.10.18 21:06:17: Loaded teachers
2023.10.18 21:06:17: Loaded classes
2023.10.18 21:06:35: Loaded teachers
2023.10.18 21:06:35: Added Peter Pan Student to class class 1A, profile humane
2023.10.18 21:06:35: Added Anna Shirley Student to class class 1A, profile humane
2023.10.18 21:06:35: Added Harry Potter Student to class class 1A, profile humane
2023.10.18 21:06:35: Added Ron Weasley Student to class class 1A, profile humane
2023.10.18 21:06:35: Added term of subject Math on MONDAY at 10:30, 45 min to 
2023.10.18 21:06:35: Added term of subject Math on THURSDAY at 12:50, 45 min to 
2023.10.18 21:06:35: Added subject Math to class 1A, profile humane
2023.10.18 21:06:35: Added term of subject English on MONDAY at 12:00, 45 min to 
2023.10.18 21:06:35: Added term of subject English on TUESDAY at 11:00, 45 min to 
2023.10.18 21:06:35: Added term of subject English on WEDNESDAY at 10:30, 45 min to 
2023.10.18 21:06:35: Added term of subject English on THURSDAY at 11:00, 45 min to 
2023.10.18 21:06:35: Added subject English to class 1A, profile humane
2023.10.18 21:06:35: Added term of subject Computer Science on TUESDAY at 09:00, 45 min to 
2023.10.18 21:06:35: Added subject Computer Science to class 1A, profile humane
2023.10.18 21:06:35: Added term of subject Chemistry on WEDNESDAY at 11:30, 45 min to 
2023.10.18 21:06:35: Added subject Chemistry to class 1A, profile humane
2023.10.18 21:06:35: Added term of subject Potions on FRIDAY at 09:00, 90 min to 
2023.10.18 21:06:35: Added subject Potions to class 1A, profile humane
2023.10.18 21:06:35: Added term of subject Black Magic Defense on FRIDAY at 12:30, 90 min to 
2023.10.18 21:06:35: Added subject Black Magic Defense to class 1A, profile humane
2023.10.18 21:06:35: Saved classes
2023.10.18 21:06:35: Added class 1A, profile humane
2023.10.18 21:06:52: Loaded teachers
2023.10.18 21:06:52: Loaded classes
2023.10.18 21:08:37: Loaded teachers
2023.10.18 21:08:37: Loaded classes
2023.10.18 21:12:06: Saved teachers
2023.10.18 21:12:06: Added Thomas Anderson Teacher
2023.10.18 21:12:06: Saved teachers
2023.10.18 21:12:06: Added Han Solo Teacher
2023.10.18 21:12:06: Saved teachers
2023.10.18 21:12:06: Added Princess Leia Teacher
2023.10.18 21:12:06: Saved teachers
2023.10.18 21:12:06: Added Severus Snape Teacher
2023.10.18 21:12:06: Saved teachers
2023.10.18 21:12:06: Added Dolores Umbridge Teacher
2023.10.18 21:12:06: Added Peter Pan Student to class class 1A, profile humane
2023.10.18 21:12:06: Added Anna Shirley Student to class class 1A, profile humane
2023.10.18 21:12:06: Added Harry Potter Student to class class 1A, profile humane
2023.10.18 21:12:06: Added Ron Weasley Student to class class 1A, profile humane
2023.10.18 21:12:06: Added term of subject Math on MONDAY at 10:30, 45 min to 
2023.10.18 21:12:06: Added term of subject Math on THURSDAY at 12:50, 45 min to 
2023.10.18 21:12:06: Added subject Math to class 1A, profile humane
2023.10.18 21:12:06: Added term of subject English on MONDAY at 12:00, 45 min to 
2023.10.18 21:12:06: Added term of subject English on TUESDAY at 11:00, 45 min to 
2023.10.18 21:12:06: Added term of subject English on WEDNESDAY at 10:30, 45 min to 
2023.10.18 21:12:06: Added term of subject English on THURSDAY at 11:00, 45 min to 
2023.10.18 21:12:06: Added subject English to class 1A, profile humane
2023.10.18 21:12:06: Added term of subject Computer Science on TUESDAY at 09:00, 45 min to 
2023.10.18 21:12:06: Added subject Computer Science to class 1A, profile humane
2023.10.18 21:12:06: Added term of subject Chemistry on WEDNESDAY at 11:30, 45 min to 
2023.10.18 21:12:06: Added subject Chemistry to class 1A, profile humane
2023.10.18 21:12:06: Added term of subject Potions on FRIDAY at 09:00, 90 min to 
2023.10.18 21:12:06: Added subject Potions to class 1A, profile humane
2023.10.18 21:12:06: Added term of subject Black Magic Defense on FRIDAY at 12:30, 90 min to 
2023.10.18 21:12:06: Added subject Black Magic Defense to class 1A, profile humane
2023.10.18 21:12:06: Saved classes
2023.10.18 21:12:06: Added class 1A, profile humane
2023.10.18 21:14:03: There was an error while loading the teachers datajava.io.StreamCorruptedException: invalid stream header: 32303233
2023.10.18 21:14:03: There was an error while loading the classes datajava.io.StreamCorruptedException: invalid stream header: 32303233
2023.10.18 21:14:07: There was an error while loading the teachers datajava.io.StreamCorruptedException: invalid stream header: 32303233
2023.10.18 21:14:07: There was an error while loading the classes datajava.io.StreamCorruptedException: invalid stream header: 32303233
2023.10.18 21:14:57: Saved teachers
2023.10.18 21:14:57: Added Thomas Anderson Teacher
2023.10.18 21:14:57: Saved teachers
2023.10.18 21:14:57: Added Han Solo Teacher
2023.10.18 21:14:57: Saved teachers
2023.10.18 21:14:57: Added Princess Leia Teacher
2023.10.18 21:14:57: Saved teachers
2023.10.18 21:14:57: Added Severus Snape Teacher
2023.10.18 21:14:57: Saved teachers
2023.10.18 21:14:57: Added Dolores Umbridge Teacher
2023.10.18 21:14:57: Added Peter Pan Student to class class 1A, profile humane
2023.10.18 21:14:57: Added Anna Shirley Student to class class 1A, profile humane
2023.10.18 21:14:57: Added Harry Potter Student to class class 1A, profile humane
2023.10.18 21:14:57: Added Ron Weasley Student to class class 1A, profile humane
2023.10.18 21:14:57: Added term of subject Math on MONDAY at 10:30, 45 min to 
2023.10.18 21:14:57: Added term of subject Math on THURSDAY at 12:50, 45 min to 
2023.10.18 21:14:57: Added subject Math to class 1A, profile humane
2023.10.18 21:14:57: Added term of subject English on MONDAY at 12:00, 45 min to 
2023.10.18 21:14:57: Added term of subject English on TUESDAY at 11:00, 45 min to 
2023.10.18 21:14:57: Added term of subject English on WEDNESDAY at 10:30, 45 min to 
2023.10.18 21:14:57: Added term of subject English on THURSDAY at 11:00, 45 min to 
2023.10.18 21:14:57: Added subject English to class 1A, profile humane
2023.10.18 21:14:57: Added term of subject Computer Science on TUESDAY at 09:00, 45 min to 
2023.10.18 21:14:57: Added subject Computer Science to class 1A, profile humane
2023.10.18 21:14:57: Added term of subject Chemistry on WEDNESDAY at 11:30, 45 min to 
2023.10.18 21:14:57: Added subject Chemistry to class 1A, profile humane
2023.10.18 21:14:57: Added term of subject Potions on FRIDAY at 09:00, 90 min to 
2023.10.18 21:14:57: Added subject Potions to class 1A, profile humane
2023.10.18 21:14:57: Added term of subject Black Magic Defense on FRIDAY at 12:30, 90 min to 
2023.10.18 21:14:57: Added subject Black Magic Defense to class 1A, profile humane
2023.10.18 21:14:57: Saved classes
2023.10.18 21:14:57: Added class 1A, profile humane
2023.10.18 21:21:20: Loaded teachers
2023.10.18 21:21:20: Loaded classes
2023.10.18 21:30:31: Loaded teachers
2023.10.18 21:30:31: Loaded classes
2023.10.18 21:31:36: Loaded teachers
2023.10.18 21:31:36: Loaded classes
2023.10.18 21:32:01: Loaded teachers
2023.10.18 21:32:01: Loaded classes
2023.10.18 21:40:21: Loaded teachers
2023.10.18 21:40:21: Loaded classes
2023.10.18 21:40:58: Loaded teachers
2023.10.18 21:40:58: Loaded classes
2023.10.18 21:42:39: Loaded teachers
2023.10.18 21:42:39: Loaded classes
2023.10.18 21:42:46: Loaded teachers
2023.10.18 21:42:46: Loaded classes
2023.10.19 17:32:39: Loaded teachers
2023.10.19 17:32:39: Loaded classes
2023.10.19 17:32:48: Loaded teachers
2023.10.19 17:32:48: Loaded classes
2023.10.19 17:33:17: Loaded teachers
2023.10.19 17:33:17: Loaded classes
2023.10.19 17:33:56: Loaded teachers
2023.10.19 17:33:56: Loaded classes
2023.10.19 17:42:47: Loaded teachers
2023.10.19 17:42:47: Loaded classes
